<?xml version="1.0" encoding="UTF-8"?>
<!-- Generated by org.testng.reporters.JUnitXMLReporter -->
<testsuite ignored="0" hostname="DESKTOP-L6QNKSE" failures="2" tests="4" name="TestNG practice" time="22.638" errors="0" timestamp="2022-05-24T23:19:07 IST">
  <testcase classname="testNG.SoftAsser" name="Test" time="0.015"/>
  <testcase classname="testNG.SoftAsser" name="demo_2" time="0.006">
    <failure type="java.lang.AssertionError" message="The following asserts failed:
	expected [true] but found [false]">
      <![CDATA[java.lang.AssertionError: The following asserts failed:
expected [true] but found [false]
at testNG.SoftAsser.demo_2(SoftAsser.java:25)
at java.base/java.util.ArrayList.forEach(ArrayList.java:1511)
... Removed 29 stack frames]]>
    </failure>
  </testcase> <!-- demo_2 -->
  <testcase classname="testNG.TestNG_1" name="method1" time="0.003"/>
  <testcase classname="testNG.hardAsser" name="loginCheck" time="22.528">
    <failure type="java.lang.AssertionError" message="expected [Swag labs] but found [Swag Labs]">
      <![CDATA[java.lang.AssertionError: expected [Swag labs] but found [Swag Labs]
at testNG.hardAsser.loginCheck(hardAsser.java:37)
at java.base/java.util.ArrayList.forEach(ArrayList.java:1511)
... Removed 33 stack frames]]>
    </failure>
  </testcase> <!-- loginCheck -->
</testsuite> <!-- TestNG practice -->
